<?xml version="1.0" encoding="UTF-8"?>
<!-- Generated by org.testng.reporters.JUnitReportReporter -->
<testsuite hostname="DESKTOP-QCKQDIG" failures="0" tests="1" name="Test.Soap_XMLRequest" time="6.685" errors="0" timestamp="2025-02-20T22:14:25 GMT-08:00" skipped="0">
  <testcase classname="Test.Soap_XMLRequest" name="soapXML_Request" time="6.685"/>
  <system-out/>
</testsuite> <!-- Test.Soap_XMLRequest -->
