<?xml version="1.0" encoding="UTF-8"?>
<!-- Generated by org.testng.reporters.JUnitReportReporter -->
<testsuite hostname="DESKTOP-QCKQDIG" failures="0" tests="1" name="Test.JsonSchemaValidator" time="4.272" errors="0" timestamp="2025-02-20T22:04:19 GMT-08:00" skipped="0">
  <testcase classname="Test.JsonSchemaValidator" name="get_test" time="4.272"/>
  <system-out/>
</testsuite> <!-- Test.JsonSchemaValidator -->
