<?xml version="1.0" encoding="UTF-8"?>
<!-- Generated by org.testng.reporters.JUnitReportReporter -->
<testsuite hostname="DESKTOP-QCKQDIG" failures="0" tests="5" name="Test.GetandPostEx" time="9.711" errors="0" timestamp="2025-02-22T21:00:26 GMT-08:00" skipped="1">
  <testcase classname="Test.GetandPostEx" name="patch" time="0.883"/>
  <system-out/>
  <testcase classname="Test.GetandPostEx" name="get_test" time="5.069"/>
  <system-out/>
  <testcase classname="Test.GetandPostEx" name="Put" time="0.955"/>
  <system-out/>
  <testcase classname="Test.GetandPostEx" name="Delete" time="2.804"/>
  <system-out/>
  <testcase classname="Test.GetandPostEx" name="post_test">
    <skipped/>
  </testcase> <!-- post_test -->
  <system-out/>
</testsuite> <!-- Test.GetandPostEx -->
