<?xml version="1.0" encoding="UTF-8"?>
<!-- Generated by org.testng.reporters.JUnitReportReporter -->
<testsuite hostname="DESKTOP-QCKQDIG" failures="0" tests="5" name="Test.GetandPostEx" time="6.574" errors="0" timestamp="2025-02-17T07:29:59 GMT-08:00" skipped="2">
  <testcase classname="Test.GetandPostEx" name="Put" time="1.227"/>
  <system-out/>
  <testcase classname="Test.GetandPostEx" name="patch" time="1.061"/>
  <system-out/>
  <testcase classname="Test.GetandPostEx" name="Delete" time="4.286"/>
  <system-out/>
  <testcase classname="Test.GetandPostEx" name="get_test">
    <skipped/>
  </testcase> <!-- get_test -->
  <system-out/>
  <testcase classname="Test.GetandPostEx" name="post_test">
    <skipped/>
  </testcase> <!-- post_test -->
  <system-out/>
</testsuite> <!-- Test.GetandPostEx -->
